<?xml version="1.0" encoding="UTF-8"?>
<!-- Generated by org.testng.reporters.JUnitReportReporter -->
<testsuite skipped="0" hostname="AshishTripathi" name="demo.linkedin.regression.MyTest" tests="1" failures="0" timestamp="21 Sep 2017 14:17:20 GMT" time="10.581" errors="0">
  <testcase name="test01" time="10.581" classname="demo.linkedin.regression.MyTest"/>
</testsuite> <!-- demo.linkedin.regression.MyTest -->
