<?xml version="1.0" encoding="UTF-8"?>
<!-- Generated by org.testng.reporters.JUnitReportReporter -->
<testsuite hostname="AshishTripathi" name="demo.linkedin.regression.MyTest" tests="1" failures="0" timestamp="21 Sep 2017 14:21:18 GMT" time="14.180" errors="0">
  <testcase name="test01" time="14.180" classname="demo.linkedin.regression.MyTest"/>
</testsuite> <!-- demo.linkedin.regression.MyTest -->
